<?xml version="1.0" encoding="UTF-8"?>
<!-- Generated by org.testng.reporters.JUnitReportReporter -->
<testsuite hostname="DESKTOP-9KD83HN" failures="0" tests="1" name="stepdefinition.FanCodeUsersTest" time="2.777" errors="0" timestamp="2024-07-14T12:14:29 IST" skipped="0">
  <testcase classname="stepdefinition.FanCodeUsersTest" name="verifyFanCodeUsersTodosCompletionPercentage" time="2.777"/>
</testsuite> <!-- stepdefinition.FanCodeUsersTest -->
